Determining if the pthread_create exist failed with the following output:
Change Dir: /home/daria/Documents/AoC2020/build/CMakeFiles/CMakeTmp

Run Build Command:"/usr/bin/make" "cmTC_63b79/fast"
/usr/bin/make -f CMakeFiles/cmTC_63b79.dir/build.make CMakeFiles/cmTC_63b79.dir/build
make[1]: Entering directory '/home/daria/Documents/AoC2020/build/CMakeFiles/CMakeTmp'
Building C object CMakeFiles/cmTC_63b79.dir/CheckSymbolExists.c.o
/usr/bin/clang    -o CMakeFiles/cmTC_63b79.dir/CheckSymbolExists.c.o   -c /home/daria/Documents/AoC2020/build/CMakeFiles/CMakeTmp/CheckSymbolExists.c
Linking C executable cmTC_63b79
/usr/bin/cmake -E cmake_link_script CMakeFiles/cmTC_63b79.dir/link.txt --verbose=1
/usr/bin/clang      CMakeFiles/cmTC_63b79.dir/CheckSymbolExists.c.o  -o cmTC_63b79 
CMakeFiles/cmTC_63b79.dir/CheckSymbolExists.c.o: In function `main':
CheckSymbolExists.c:(.text+0x19): undefined reference to `pthread_create'
clang: error: linker command failed with exit code 1 (use -v to see invocation)
CMakeFiles/cmTC_63b79.dir/build.make:97: recipe for target 'cmTC_63b79' failed
make[1]: *** [cmTC_63b79] Error 1
make[1]: Leaving directory '/home/daria/Documents/AoC2020/build/CMakeFiles/CMakeTmp'
Makefile:126: recipe for target 'cmTC_63b79/fast' failed
make: *** [cmTC_63b79/fast] Error 2

File /home/daria/Documents/AoC2020/build/CMakeFiles/CMakeTmp/CheckSymbolExists.c:
/* */
#include <pthread.h>

int main(int argc, char** argv)
{
  (void)argv;
#ifndef pthread_create
  return ((int*)(&pthread_create))[argc];
#else
  (void)argc;
  return 0;
#endif
}

